EDA Netlist Writer report for FinalProject
Sun Jan 21 18:32:54 2024
Quartus II 64-Bit Version 13.1.0 Build 162 10/23/2013 SJ Web Edition


---------------------
; Table of Contents ;
---------------------
  1. Legal Notice
  2. EDA Netlist Writer Summary
  3. Simulation Settings
  4. Simulation Generated Files
  5. EDA Netlist Writer Messages



----------------
; Legal Notice ;
----------------
Copyright (C) 1991-2013 Altera Corporation
Your use of Altera Corporation's design tools, logic functions 
and other software and tools, and its AMPP partner logic 
functions, and any output files from any of the foregoing 
(including device programming or simulation files), and any 
associated documentation or information are expressly subject 
to the terms and conditions of the Altera Program License 
Subscription Agreement, Altera MegaCore Function License 
Agreement, or other applicable license agreement, including, 
without limitation, that your use is for the sole purpose of 
programming logic devices manufactured by Altera and sold by 
Altera or its authorized distributors.  Please refer to the 
applicable agreement for further details.



+-------------------------------------------------------------------+
; EDA Netlist Writer Summary                                        ;
+---------------------------+---------------------------------------+
; EDA Netlist Writer Status ; Successful - Sun Jan 21 18:32:54 2024 ;
; Revision Name             ; FinalProject                          ;
; Top-level Entity Name     ; main_module                           ;
; Family                    ; Cyclone IV E                          ;
; Simulation Files Creation ; Successful                            ;
+---------------------------+---------------------------------------+


+-------------------------------------------------------------------------------------------------------------------------------------+
; Simulation Settings                                                                                                                 ;
+---------------------------------------------------------------------------------------------------+---------------------------------+
; Option                                                                                            ; Setting                         ;
+---------------------------------------------------------------------------------------------------+---------------------------------+
; Tool Name                                                                                         ; ModelSim-Altera (SystemVerilog) ;
; Generate netlist for functional simulation only                                                   ; Off                             ;
; Time scale                                                                                        ; 1 ps                            ;
; Truncate long hierarchy paths                                                                     ; Off                             ;
; Map illegal HDL characters                                                                        ; Off                             ;
; Flatten buses into individual nodes                                                               ; Off                             ;
; Maintain hierarchy                                                                                ; Off                             ;
; Bring out device-wide set/reset signals as ports                                                  ; Off                             ;
; Enable glitch filtering                                                                           ; Off                             ;
; Do not write top level VHDL entity                                                                ; Off                             ;
; Disable detection of setup and hold time violations in the input registers of bi-directional pins ; Off                             ;
; Architecture name in VHDL output netlist                                                          ; structure                       ;
; Generate third-party EDA tool command script for RTL functional simulation                        ; Off                             ;
; Generate third-party EDA tool command script for gate-level simulation                            ; Off                             ;
+---------------------------------------------------------------------------------------------------+---------------------------------+


+------------------------------------------------------------------------------------------------------------------------+
; Simulation Generated Files                                                                                             ;
+------------------------------------------------------------------------------------------------------------------------+
; Generated Files                                                                                                        ;
+------------------------------------------------------------------------------------------------------------------------+
; C:/Users/talha/Desktop/Verilog_part/Micro_CSE4117/FPGA_Final/simulation/modelsim/FinalProject_6_1200mv_85c_slow.svo    ;
; C:/Users/talha/Desktop/Verilog_part/Micro_CSE4117/FPGA_Final/simulation/modelsim/FinalProject_6_1200mv_0c_slow.svo     ;
; C:/Users/talha/Desktop/Verilog_part/Micro_CSE4117/FPGA_Final/simulation/modelsim/FinalProject_min_1200mv_0c_fast.svo   ;
; C:/Users/talha/Desktop/Verilog_part/Micro_CSE4117/FPGA_Final/simulation/modelsim/FinalProject.svo                      ;
; C:/Users/talha/Desktop/Verilog_part/Micro_CSE4117/FPGA_Final/simulation/modelsim/FinalProject_6_1200mv_85c_v_slow.sdo  ;
; C:/Users/talha/Desktop/Verilog_part/Micro_CSE4117/FPGA_Final/simulation/modelsim/FinalProject_6_1200mv_0c_v_slow.sdo   ;
; C:/Users/talha/Desktop/Verilog_part/Micro_CSE4117/FPGA_Final/simulation/modelsim/FinalProject_min_1200mv_0c_v_fast.sdo ;
; C:/Users/talha/Desktop/Verilog_part/Micro_CSE4117/FPGA_Final/simulation/modelsim/FinalProject_v.sdo                    ;
+------------------------------------------------------------------------------------------------------------------------+


+-----------------------------+
; EDA Netlist Writer Messages ;
+-----------------------------+
Info: *******************************************************************
Info: Running Quartus II 64-Bit EDA Netlist Writer
    Info: Version 13.1.0 Build 162 10/23/2013 SJ Web Edition
    Info: Processing started: Sun Jan 21 18:32:44 2024
Info: Command: quartus_eda --read_settings_files=off --write_settings_files=off FinalProject -c FinalProject
Info (204019): Generated file FinalProject_6_1200mv_85c_slow.svo in folder "C:/Users/talha/Desktop/Verilog_part/Micro_CSE4117/FPGA_Final/simulation/modelsim/" for EDA simulation tool
Info (204019): Generated file FinalProject_6_1200mv_0c_slow.svo in folder "C:/Users/talha/Desktop/Verilog_part/Micro_CSE4117/FPGA_Final/simulation/modelsim/" for EDA simulation tool
Info (204019): Generated file FinalProject_min_1200mv_0c_fast.svo in folder "C:/Users/talha/Desktop/Verilog_part/Micro_CSE4117/FPGA_Final/simulation/modelsim/" for EDA simulation tool
Info (204019): Generated file FinalProject.svo in folder "C:/Users/talha/Desktop/Verilog_part/Micro_CSE4117/FPGA_Final/simulation/modelsim/" for EDA simulation tool
Info (204019): Generated file FinalProject_6_1200mv_85c_v_slow.sdo in folder "C:/Users/talha/Desktop/Verilog_part/Micro_CSE4117/FPGA_Final/simulation/modelsim/" for EDA simulation tool
Info (204019): Generated file FinalProject_6_1200mv_0c_v_slow.sdo in folder "C:/Users/talha/Desktop/Verilog_part/Micro_CSE4117/FPGA_Final/simulation/modelsim/" for EDA simulation tool
Info (204019): Generated file FinalProject_min_1200mv_0c_v_fast.sdo in folder "C:/Users/talha/Desktop/Verilog_part/Micro_CSE4117/FPGA_Final/simulation/modelsim/" for EDA simulation tool
Info (204019): Generated file FinalProject_v.sdo in folder "C:/Users/talha/Desktop/Verilog_part/Micro_CSE4117/FPGA_Final/simulation/modelsim/" for EDA simulation tool
Info: Quartus II 64-Bit EDA Netlist Writer was successful. 0 errors, 0 warnings
    Info: Peak virtual memory: 4673 megabytes
    Info: Processing ended: Sun Jan 21 18:32:54 2024
    Info: Elapsed time: 00:00:10
    Info: Total CPU time (on all processors): 00:00:10


